mktextfm phvb
mktextfm ptmr7t
mktextfm ptmr7t
mktextfm ptmb7t
mktextfm nullfont
mktextfm ptmb7t
mktextfm nullfont
mktextfm pcrr7t
mktextfm ptmr7t
mktextfm ptmb7t
mktextfm nullfont
mktextfm ptmri7t
mktextfm ptmr7t
mktextfm ptmrc7t
mktextfm ptmr7t
mktextfm ptmr7t
mktextfm ptmbi7t
mktextfm nullfont
mktextfm ptmri7t
mktextfm ptmb7t
mktextfm nullfont
mktextfm phvb
mktextfm ptmr7t
mktextfm phvb
mktextfm ptmr7t
mktextfm phvb
mktextfm phvb
mktextfm ptmr7t
mktextfm phvb
mktextfm phvb
mktextfm phvb
mktextfm phvb
mktextfm phvb
mktextfm ptmr7t
mktextfm ptmr7t
mktextfm ptmb7t
mktextfm nullfont
mktextfm ptmb7t
mktextfm nullfont
mktextfm pcrr7t
mktextfm ptmr7t
mktextfm ptmb7t
mktextfm nullfont
mktextfm ptmri7t
mktextfm ptmr7t
mktextfm ptmrc7t
mktextfm ptmr7t
mktextfm ptmr7t
mktextfm ptmbi7t
mktextfm nullfont
mktextfm ptmri7t
mktextfm ptmb7t
mktextfm nullfont
mktextfm phvb
mktextfm ptmr7t
mktextfm ptmr7t
mktextfm ptmb7t
mktextfm nullfont
mktextfm ptmb7t
mktextfm nullfont
mktextfm pcrr7t
mktextfm ptmr7t
mktextfm ptmb7t
mktextfm nullfont
mktextfm ptmri7t
mktextfm ptmr7t
mktextfm ptmrc7t
mktextfm ptmr7t
mktextfm ptmr7t
mktextfm ptmbi7t
mktextfm nullfont
mktextfm ptmri7t
mktextfm ptmb7t
mktextfm nullfont
mktextfm phvb
mktextfm ptmr7t
mktextfm ptmr7t
mktextfm ptmb7t
mktextfm nullfont
mktextfm ptmb7t
mktextfm nullfont
mktextfm pcrr7t
mktextfm ptmr7t
mktextfm ptmb7t
mktextfm nullfont
mktextfm ptmri7t
mktextfm ptmr7t
mktextfm ptmrc7t
mktextfm ptmr7t
mktextfm ptmri7t
mktextfm ptmb7t
mktextfm nullfont
mktextfm phvb
mktextfm ptmr7t
mktextfm ptmr7t
mktextfm ptmb7t
mktextfm nullfont
mktextfm ptmb7t
mktextfm nullfont
mktextfm pcrr7t
mktextfm ptmr7t
mktextfm ptmb7t
mktextfm nullfont
mktextfm ptmri7t
mktextfm ptmr7t
mktextfm ptmrc7t
mktextfm ptmr7t
mktextfm ptmr7t
mktextfm ptmbi7t
mktextfm nullfont
mktextfm ptmri7t
mktextfm ptmb7t
mktextfm nullfont
mktextfm phvb
mktextfm ptmr7t
mktextfm ptmr7t
mktextfm ptmb7t
mktextfm nullfont
mktextfm ptmb7t
mktextfm nullfont
mktextfm pcrr7t
mktextfm ptmr7t
mktextfm ptmb7t
mktextfm nullfont
mktextfm ptmri7t
mktextfm ptmr7t
mktextfm ptmrc7t
mktextfm ptmr7t
mktextfm ptmr7t
mktextfm ptmbi7t
mktextfm nullfont
mktextfm ptmri7t
mktextfm ptmb7t
mktextfm nullfont
