This is pdfTeX, Version 3.1415926-1.40.10 (TeX Live 2009/Debian) (format=pdflatex 2012.10.8)  15 JAN 2013 13:48
entering extended mode
 %&-line parsing enabled.
**nips2012.tex
(./nips2012.tex
LaTeX2e <2009/09/24>
Babel <v3.8l> and hyphenation patterns for english, usenglishmax, dumylang, noh
yphenation, loaded.
(/usr/share/texmf-texlive/tex/latex/base/article.cls
Document Class: article 2007/10/19 v1.4h Standard LaTeX document class
(/usr/share/texmf-texlive/tex/latex/base/size10.clo
File: size10.clo 2007/10/19 v1.4h Standard LaTeX file (size option)
)
\c@part=\count79
\c@section=\count80
\c@subsection=\count81
\c@subsubsection=\count82
\c@paragraph=\count83
\c@subparagraph=\count84
\c@figure=\count85
\c@table=\count86
\abovecaptionskip=\skip41
\belowcaptionskip=\skip42
\bibindent=\dimen102
) (./nips12submit_e.sty
(/usr/share/texmf-texlive/tex/latex/eso-pic/eso-pic.sty
Package: eso-pic 2006/07/14 v1.1d eso-pic (RN)

(/usr/share/texmf-texlive/tex/latex/ms/everyshi.sty
Package: everyshi 2001/05/15 v3.00 EveryShipout Package (MS)
)
(/usr/share/texmf-texlive/tex/latex/graphics/keyval.sty
Package: keyval 1999/03/16 v1.13 key=value parser (DPC)
\KV@toks@=\toks14
))
\nipsrulerbox=\box26
\nipsrulercount=\count87
\nipsruleroffset=\dimen103
\cv@lineheight=\dimen104
\cv@boxheight=\dimen105
\cv@tmpbox=\box27
\cv@refno=\count88
\cv@tot=\count89
\cv@tmpc@=\count90
\cv@tmpc=\count91
)
(/usr/share/texmf-texlive/tex/latex/psnfss/times.sty
Package: times 2005/04/12 PSNFSS-v9.2a (SPQR) 
) (./nips2012.aux)
\openout1 = `nips2012.aux'.

LaTeX Font Info:    Checking defaults for OML/cmm/m/it on input line 53.
LaTeX Font Info:    ... okay on input line 53.
LaTeX Font Info:    Checking defaults for T1/cmr/m/n on input line 53.
LaTeX Font Info:    ... okay on input line 53.
LaTeX Font Info:    Checking defaults for OT1/cmr/m/n on input line 53.
LaTeX Font Info:    ... okay on input line 53.
LaTeX Font Info:    Checking defaults for OMS/cmsy/m/n on input line 53.
LaTeX Font Info:    ... okay on input line 53.
LaTeX Font Info:    Checking defaults for OMX/cmex/m/n on input line 53.
LaTeX Font Info:    ... okay on input line 53.
LaTeX Font Info:    Checking defaults for U/cmr/m/n on input line 53.
LaTeX Font Info:    ... okay on input line 53.
LaTeX Font Info:    Try loading font information for OT1+ptm on input line 53.

(/usr/share/texmf-texlive/tex/latex/psnfss/ot1ptm.fd
File: ot1ptm.fd 2001/06/04 font definitions for OT1/ptm.
)
ABD: EveryShipout initializing macros
(/usr/share/texmf-texlive/tex/latex/graphics/color.sty
Package: color 2005/11/14 v1.0j Standard LaTeX Color (DPC)

(/etc/texmf/tex/latex/config/color.cfg
File: color.cfg 2007/01/18 v1.5 color configuration of teTeX/TeXLive
)
Package color Info: Driver file: pdftex.def on input line 130.

(/usr/share/texmf-texlive/tex/latex/pdftex-def/pdftex.def
File: pdftex.def 2009/08/25 v0.04m Graphics/color for pdfTeX
\Gread@gobject=\count92

(/usr/share/texmf-texlive/tex/context/base/supp-pdf.mkii
[Loading MPS to PDF converter (version 2006.09.02).]
\scratchcounter=\count93
\scratchdimen=\dimen106
\scratchbox=\box28
\nofMPsegments=\count94
\nofMParguments=\count95
\everyMPshowfont=\toks15
\MPscratchCnt=\count96
\MPscratchDim=\dimen107
\MPnumerator=\count97
\everyMPtoPDFconversion=\toks16
)))
LaTeX Font Info:    Font shape `OT1/ptm/bx/n' in size <17.28> not available
(Font)              Font shape `OT1/ptm/b/n' tried instead on input line 56.
LaTeX Font Info:    External font `cmex10' loaded for size
(Font)              <7> on input line 56.
LaTeX Font Info:    External font `cmex10' loaded for size
(Font)              <5> on input line 56.
LaTeX Font Info:    Font shape `OT1/ptm/bx/n' in size <10> not available
(Font)              Font shape `OT1/ptm/b/n' tried instead on input line 56.
LaTeX Font Info:    Try loading font information for OT1+pcr on input line 56.
 (/usr/share/texmf-texlive/tex/latex/psnfss/ot1pcr.fd
File: ot1pcr.fd 2001/06/04 font definitions for OT1/pcr.
)
LaTeX Font Info:    Font shape `OT1/ptm/bx/n' in size <12> not available
(Font)              Font shape `OT1/ptm/b/n' tried instead on input line 58.
 [1{/var/lib/texmf/fonts/map/pdftex/updmap/pdftex.map}

] [2]
LaTeX Font Info:    External font `cmex10' loaded for size
(Font)              <9> on input line 247.
LaTeX Font Info:    External font `cmex10' loaded for size
(Font)              <6> on input line 247.
 [3]
LaTeX Font Info:    Try loading font information for OMS+ptm on input line 319.


(/usr/share/texmf-texlive/tex/latex/psnfss/omsptm.fd
File: omsptm.fd 
)
LaTeX Font Info:    Font shape `OMS/ptm/m/n' in size <10> not available
(Font)              Font shape `OMS/cmsy/m/n' tried instead on input line 319.

Underfull \hbox (badness 10000) in paragraph at lines 367--369
[]\OT1/ptm/m/n/10 Install the Mi-crosoft Save as PDF Of-fice 2007 Add-in from
 []


Overfull \hbox (15.72098pt too wide) in paragraph at lines 367--369
\OT1/ptm/m/n/10 http://www.microsoft.com/downloads/details.aspx?displaylang=en&
familyid=4d951911-
 []


Underfull \hbox (badness 10000) in paragraph at lines 378--382
[]\OT1/ptm/m/n/10 To cre-ate a new printer on your com-puter, in-stall the
 []


Underfull \hbox (badness 10000) in paragraph at lines 378--382
\OT1/ptm/m/n/10 AdobePS printer driver and the Adobe Dis-tiller PPD file from
 []


Underfull \hbox (badness 3713) in paragraph at lines 378--382
\OT1/ptm/m/n/10 http://www.adobe.com/support/downloads/detail.jsp?ftpID=204 \OT
1/ptm/m/it/10 Note: \OT1/ptm/m/n/10 You must
 []

[4]
LaTeX Font Info:    Font shape `OT1/ptm/bx/it' in size <10> not available
(Font)              Font shape `OT1/ptm/b/it' tried instead on input line 435.
LaTeX Font Info:    Font shape `OT1/ptm/bx/n' in size <9> not available
(Font)              Font shape `OT1/ptm/b/n' tried instead on input line 450.
 [5] (./nips2012.aux) ) 
Here is how much of TeX's memory you used:
 1048 strings out of 495061
 13465 string characters out of 1182621
 68205 words of memory out of 3000000
 4242 multiletter control sequences out of 15000+50000
 28205 words of font info for 50 fonts, out of 3000000 for 9000
 28 hyphenation exceptions out of 8191
 30i,9n,24p,204b,269s stack positions out of 5000i,500n,10000p,200000b,50000s
{/usr/share/texmf-texlive/fonts/enc/dvips/base/8r.enc}</
usr/share/texmf-texlive/fonts/type1/public/amsfonts/cm/cmmi10.pfb></usr/share/t
exmf-texlive/fonts/type1/public/amsfonts/cm/cmr10.pfb></usr/share/texmf-texlive
/fonts/type1/public/amsfonts/cm/cmsy10.pfb></usr/share/texmf-texlive/fonts/type
1/urw/courier/ucrr8a.pfb></usr/share/texmf-texlive/fonts/type1/urw/helvetic/uhv
b8a.pfb></usr/share/texmf-texlive/fonts/type1/urw/times/utmb8a.pfb></usr/share/
texmf-texlive/fonts/type1/urw/times/utmbi8a.pfb></usr/share/texmf-texlive/fonts
/type1/urw/times/utmr8a.pfb></usr/share/texmf-texlive/fonts/type1/urw/times/utm
ri8a.pfb>
Output written on nips2012.pdf (5 pages, 118570 bytes).
PDF statistics:
 55 PDF objects out of 1000 (max. 8388607)
 0 named destinations out of 1000 (max. 500000)
 1 words of extra memory for PDF output out of 10000 (max. 10000000)

