This is pdfTeX, Version 3.1415926-1.40.10 (TeX Live 2009/Debian) (format=pdflatex 2012.10.8)  20 MAR 2013 09:50
entering extended mode
 %&-line parsing enabled.
**SATAE_ICLR.tex
(./SATAE_ICLR.tex
LaTeX2e <2009/09/24>
Babel <v3.8l> and hyphenation patterns for english, usenglishmax, dumylang, noh
yphenation, loaded.
(/usr/share/texmf-texlive/tex/latex/base/article.cls
Document Class: article 2007/10/19 v1.4h Standard LaTeX document class
(/usr/share/texmf-texlive/tex/latex/base/size10.clo
File: size10.clo 2007/10/19 v1.4h Standard LaTeX file (size option)
)
\c@part=\count79
\c@section=\count80
\c@subsection=\count81
\c@subsubsection=\count82
\c@paragraph=\count83
\c@subparagraph=\count84
\c@figure=\count85
\c@table=\count86
\abovecaptionskip=\skip41
\belowcaptionskip=\skip42
\bibindent=\dimen102
) (./nips12submit_e.sty
(/usr/share/texmf-texlive/tex/latex/eso-pic/eso-pic.sty
Package: eso-pic 2006/07/14 v1.1d eso-pic (RN)

(/usr/share/texmf-texlive/tex/latex/ms/everyshi.sty
Package: everyshi 2001/05/15 v3.00 EveryShipout Package (MS)
)
(/usr/share/texmf-texlive/tex/latex/graphics/keyval.sty
Package: keyval 1999/03/16 v1.13 key=value parser (DPC)
\KV@toks@=\toks14
))
\nipsrulerbox=\box26
\nipsrulercount=\count87
\nipsruleroffset=\dimen103
\cv@lineheight=\dimen104
\cv@boxheight=\dimen105
\cv@tmpbox=\box27
\cv@refno=\count88
\cv@tot=\count89
\cv@tmpc@=\count90
\cv@tmpc=\count91
)
(/usr/share/texmf-texlive/tex/latex/psnfss/times.sty
Package: times 2005/04/12 PSNFSS-v9.2a (SPQR) 
)
(/usr/share/texmf-texlive/tex/latex/base/inputenc.sty
Package: inputenc 2008/03/30 v1.1d Input encoding file
\inpenc@prehook=\toks15
\inpenc@posthook=\toks16

(/usr/share/texmf-texlive/tex/latex/base/latin1.def
File: latin1.def 2008/03/30 v1.1d Input encoding file
))
(/usr/share/texmf-texlive/tex/latex/amsmath/amsmath.sty
Package: amsmath 2000/07/18 v2.13 AMS math features
\@mathmargin=\skip43

For additional information on amsmath, use the `?' option.
(/usr/share/texmf-texlive/tex/latex/amsmath/amstext.sty
Package: amstext 2000/06/29 v2.01

(/usr/share/texmf-texlive/tex/latex/amsmath/amsgen.sty
File: amsgen.sty 1999/11/30 v2.0
\@emptytoks=\toks17
\ex@=\dimen106
))
(/usr/share/texmf-texlive/tex/latex/amsmath/amsbsy.sty
Package: amsbsy 1999/11/29 v1.2d
\pmbraise@=\dimen107
)
(/usr/share/texmf-texlive/tex/latex/amsmath/amsopn.sty
Package: amsopn 1999/12/14 v2.01 operator names
)
\inf@bad=\count92
LaTeX Info: Redefining \frac on input line 211.
\uproot@=\count93
\leftroot@=\count94
LaTeX Info: Redefining \overline on input line 307.
\classnum@=\count95
\DOTSCASE@=\count96
LaTeX Info: Redefining \ldots on input line 379.
LaTeX Info: Redefining \dots on input line 382.
LaTeX Info: Redefining \cdots on input line 467.
\Mathstrutbox@=\box28
\strutbox@=\box29
\big@size=\dimen108
LaTeX Font Info:    Redeclaring font encoding OML on input line 567.
LaTeX Font Info:    Redeclaring font encoding OMS on input line 568.
\macc@depth=\count97
\c@MaxMatrixCols=\count98
\dotsspace@=\muskip10
\c@parentequation=\count99
\dspbrk@lvl=\count100
\tag@help=\toks18
\row@=\count101
\column@=\count102
\maxfields@=\count103
\andhelp@=\toks19
\eqnshift@=\dimen109
\alignsep@=\dimen110
\tagshift@=\dimen111
\tagwidth@=\dimen112
\totwidth@=\dimen113
\lineht@=\dimen114
\@envbody=\toks20
\multlinegap=\skip44
\multlinetaggap=\skip45
\mathdisplay@stack=\toks21
LaTeX Info: Redefining \[ on input line 2666.
LaTeX Info: Redefining \] on input line 2667.
)
(/usr/share/texmf-texlive/tex/latex/amsfonts/amsfonts.sty
Package: amsfonts 2009/06/22 v3.00 Basic AMSFonts support
\symAMSa=\mathgroup4
\symAMSb=\mathgroup5
LaTeX Font Info:    Overwriting math alphabet `\mathfrak' in version `bold'
(Font)                  U/euf/m/n --> U/euf/b/n on input line 96.
)
(/usr/share/texmf-texlive/tex/latex/amsfonts/amssymb.sty
Package: amssymb 2009/06/22 v3.00
)
(/usr/share/texmf-texlive/tex/latex/caption/caption.sty
Package: caption 2009/10/09 v3.1k Customizing captions (AR)

(/usr/share/texmf-texlive/tex/latex/caption/caption3.sty
Package: caption3 2009/10/09 v3.1k caption3 kernel (AR)
\captionmargin=\dimen115
\captionmargin@=\dimen116
\captionwidth=\dimen117
\caption@indent=\dimen118
\caption@parindent=\dimen119
\caption@hangindent=\dimen120
)
\c@ContinuedFloat=\count104
)
(/usr/share/texmf-texlive/tex/latex/cite/cite.sty
LaTeX Info: Redefining \cite on input line 285.
LaTeX Info: Redefining \nocite on input line 356.
Package: cite 2009/08/29  v 5.2
)
(/etc/texmf/tex/latex/algorithms/algorithmic.sty
Package: algorithmic 2009/08/24 v0.1 Document Style `algorithmic'

(/usr/share/texmf-texlive/tex/latex/base/ifthen.sty
Package: ifthen 2001/05/26 v1.1c Standard LaTeX ifthen package (DPC)
)
\c@ALC@unique=\count105
\c@ALC@line=\count106
\c@ALC@rem=\count107
\c@ALC@depth=\count108
\ALC@tlm=\skip46
\algorithmicindent=\skip47
)
(/etc/texmf/tex/latex/algorithms/algorithm.sty
Package: algorithm 2009/08/24 v0.1 Document Style `algorithm' - floating enviro
nment

(/usr/share/texmf-texlive/tex/latex/float/float.sty
Package: float 2001/11/08 v1.3d Float enhancements (AL)
\c@float@type=\count109
\float@exts=\toks22
\float@box=\box30
\@float@everytoks=\toks23
\@floatcapt=\box31
)
\@float@every@algorithm=\toks24
\c@algorithm=\count110
)
(/usr/share/texmf-texlive/tex/latex/caption/subcaption.sty
Package: subcaption 2008/08/31 v1.0b Adding subcaptions (AR)
\c@subfigure=\count111
\c@subtable=\count112
)
(/usr/share/texmf-texlive/tex/latex/graphics/graphicx.sty
Package: graphicx 1999/02/16 v1.0f Enhanced LaTeX Graphics (DPC,SPQR)

(/usr/share/texmf-texlive/tex/latex/graphics/graphics.sty
Package: graphics 2009/02/05 v1.0o Standard LaTeX Graphics (DPC,SPQR)

(/usr/share/texmf-texlive/tex/latex/graphics/trig.sty
Package: trig 1999/03/16 v1.09 sin cos tan (DPC)
)
(/etc/texmf/tex/latex/config/graphics.cfg
File: graphics.cfg 2009/08/28 v1.8 graphics configuration of TeX Live
)
Package graphics Info: Driver file: pdftex.def on input line 91.

(/usr/share/texmf-texlive/tex/latex/pdftex-def/pdftex.def
File: pdftex.def 2009/08/25 v0.04m Graphics/color for pdfTeX
\Gread@gobject=\count113
))
\Gin@req@height=\dimen121
\Gin@req@width=\dimen122
) (./SATAE_ICLR.aux)
\openout1 = `SATAE_ICLR.aux'.

LaTeX Font Info:    Checking defaults for OML/cmm/m/it on input line 30.
LaTeX Font Info:    ... okay on input line 30.
LaTeX Font Info:    Checking defaults for T1/cmr/m/n on input line 30.
LaTeX Font Info:    ... okay on input line 30.
LaTeX Font Info:    Checking defaults for OT1/cmr/m/n on input line 30.
LaTeX Font Info:    ... okay on input line 30.
LaTeX Font Info:    Checking defaults for OMS/cmsy/m/n on input line 30.
LaTeX Font Info:    ... okay on input line 30.
LaTeX Font Info:    Checking defaults for OMX/cmex/m/n on input line 30.
LaTeX Font Info:    ... okay on input line 30.
LaTeX Font Info:    Checking defaults for U/cmr/m/n on input line 30.
LaTeX Font Info:    ... okay on input line 30.
LaTeX Font Info:    Try loading font information for OT1+ptm on input line 30.
(/usr/share/texmf-texlive/tex/latex/psnfss/ot1ptm.fd
File: ot1ptm.fd 2001/06/04 font definitions for OT1/ptm.
)
ABD: EveryShipout initializing macros
(/usr/share/texmf-texlive/tex/latex/graphics/color.sty
Package: color 2005/11/14 v1.0j Standard LaTeX Color (DPC)

(/etc/texmf/tex/latex/config/color.cfg
File: color.cfg 2007/01/18 v1.5 color configuration of teTeX/TeXLive
)
Package color Info: Driver file: pdftex.def on input line 130.
)
Package caption Info: Begin \AtBeginDocument code.
Package caption Info: float package is loaded.
Package caption Info: End \AtBeginDocument code.

(/usr/share/texmf-texlive/tex/context/base/supp-pdf.mkii
[Loading MPS to PDF converter (version 2006.09.02).]
\scratchcounter=\count114
\scratchdimen=\dimen123
\scratchbox=\box32
\nofMPsegments=\count115
\nofMParguments=\count116
\everyMPshowfont=\toks25
\MPscratchCnt=\count117
\MPscratchDim=\dimen124
\MPnumerator=\count118
\everyMPtoPDFconversion=\toks26
)
LaTeX Font Info:    Font shape `OT1/ptm/bx/n' in size <17.28> not available
(Font)              Font shape `OT1/ptm/b/n' tried instead on input line 31.
LaTeX Font Info:    Try loading font information for U+msa on input line 31.
 (/usr/share/texmf-texlive/tex/latex/amsfonts/umsa.fd
File: umsa.fd 2009/06/22 v3.00 AMS symbols A
)
LaTeX Font Info:    Try loading font information for U+msb on input line 31.

(/usr/share/texmf-texlive/tex/latex/amsfonts/umsb.fd
File: umsb.fd 2009/06/22 v3.00 AMS symbols B
)
LaTeX Font Info:    Font shape `OT1/ptm/bx/n' in size <10> not available
(Font)              Font shape `OT1/ptm/b/n' tried instead on input line 31.
LaTeX Font Info:    Try loading font information for OT1+pcr on input line 31.

(/usr/share/texmf-texlive/tex/latex/psnfss/ot1pcr.fd
File: ot1pcr.fd 2001/06/04 font definitions for OT1/pcr.
)
LaTeX Font Info:    Font shape `OT1/ptm/bx/n' in size <12> not available
(Font)              Font shape `OT1/ptm/b/n' tried instead on input line 33.

Underfull \hbox (badness 10000) in paragraph at lines 38--39

 []

[1

{/var/lib/texmf/fonts/map/pdftex/updmap/pdftex.map}]
<./Figures/compliments.png, id=13, 476.13176pt x 357.09882pt>
File: ./Figures/compliments.png Graphic file (type png)

<use ./Figures/compliments.png> [2]
<./Figures/toy_shrink.png, id=22, 602.25pt x 300.12125pt>
File: ./Figures/toy_shrink.png Graphic file (type png)

<use ./Figures/toy_shrink.png>
<./Figures/toy_sat_linear_noreg.png, id=23, 907.39pt x 300.12125pt>
File: ./Figures/toy_sat_linear_noreg.png Graphic file (type png)

<use ./Figures/toy_sat_linear_noreg.png>
<./Figures/toy_sat_linear_reg.png, id=24, 906.38625pt x 299.1175pt>
File: ./Figures/toy_sat_linear_reg.png Graphic file (type png)

<use ./Figures/toy_sat_linear_reg.png> [3 <./Figures/compliments.png (PNG copy)
>] <./Figures/strokes_full.png, id=28, 290.08376pt x 969.6225pt>
File: ./Figures/strokes_full.png Graphic file (type png)

<use ./Figures/strokes_full.png>
<./Figures/MNIST_sat_linear_full.png, id=29, 290.08376pt x 971.63pt>
File: ./Figures/MNIST_sat_linear_full.png Graphic file (type png)

<use ./Figures/MNIST_sat_linear_full.png>
<./Figures/gabors_full.png, id=30, 258.9675pt x 971.63pt>
File: ./Figures/gabors_full.png Graphic file (type png)

<use ./Figures/gabors_full.png>
<./Figures/patches_sat_linear_full.png, id=31, 195.73125pt x 782.925pt>
File: ./Figures/patches_sat_linear_full.png Graphic file (type png)

<use ./Figures/patches_sat_linear_full.png>
<./Figures/CIFAR_shrink01.png, id=33, 165.61874pt x 662.475pt>
File: ./Figures/CIFAR_shrink01.png Graphic file (type png)

<use ./Figures/CIFAR_shrink01.png>
<./Figures/CIFAR_shrink05.png, id=34, 165.61874pt x 662.475pt>
File: ./Figures/CIFAR_shrink05.png Graphic file (type png)

<use ./Figures/CIFAR_shrink05.png>
<./Figures/CIFAR_sat_linear300_1.png, id=35, 165.61874pt x 661.47125pt>
File: ./Figures/CIFAR_sat_linear300_1.png Graphic file (type png)

<use ./Figures/CIFAR_sat_linear300_1.png>
<./Figures/CIFAR_sat_linear300_6.png, id=36, 165.61874pt x 661.47125pt>
File: ./Figures/CIFAR_sat_linear300_6.png Graphic file (type png)

<use ./Figures/CIFAR_sat_linear300_6.png>

LaTeX Warning: Float too large for page by 27.62392pt on input line 149.

<./Figures/objects/edge/1.png, id=37, 34.1275pt x 33.12375pt>
File: ./Figures/objects/edge/1.png Graphic file (type png)

<use ./Figures/objects/edge/1.png>
Overfull \hbox (8.63448pt too wide) in paragraph at lines 155--155
 [][] 
 []

<./Figures/objects/horse2/1.png, id=38, 33.12375pt x 33.12375pt>
File: ./Figures/objects/horse2/1.png Graphic file (type png)

<use ./Figures/objects/horse2/1.png>
Overfull \hbox (6.627pt too wide) in paragraph at lines 156--159
 [][] 
 []

<./Figures/objects/edge/2.png, id=39, 34.1275pt x 33.12375pt>
File: ./Figures/objects/edge/2.png Graphic file (type png)

<use ./Figures/objects/edge/2.png>
Overfull \hbox (8.63448pt too wide) in paragraph at lines 162--162
 [][] 
 []

<./Figures/objects/horse2/2.png, id=40, 34.1275pt x 33.12375pt>
File: ./Figures/objects/horse2/2.png Graphic file (type png)

<use ./Figures/objects/horse2/2.png>
Overfull \hbox (8.63448pt too wide) in paragraph at lines 163--166
 [][] 
 []

<./Figures/objects/edge/3.png, id=41, 34.1275pt x 33.12375pt>
File: ./Figures/objects/edge/3.png Graphic file (type png)

<use ./Figures/objects/edge/3.png>
Overfull \hbox (8.63448pt too wide) in paragraph at lines 169--169
 [][] 
 []

<./Figures/objects/horse2/3.png, id=42, 33.12375pt x 33.12375pt>
File: ./Figures/objects/horse2/3.png Graphic file (type png)

<use ./Figures/objects/horse2/3.png>
Overfull \hbox (6.627pt too wide) in paragraph at lines 170--172
 [][] 
 []

<./Figures/objects/edge/4.png, id=43, 34.1275pt x 33.12375pt>
File: ./Figures/objects/edge/4.png Graphic file (type png)

<use ./Figures/objects/edge/4.png>
Overfull \hbox (8.63448pt too wide) in paragraph at lines 177--177
 [][] 
 []

<./Figures/objects/horse2/4.png, id=44, 33.12375pt x 33.12375pt>
File: ./Figures/objects/horse2/4.png Graphic file (type png)

<use ./Figures/objects/horse2/4.png>
Overfull \hbox (6.627pt too wide) in paragraph at lines 178--181
 [][] 
 []

<./Figures/objects/edge/5.png, id=45, 34.1275pt x 33.12375pt>
File: ./Figures/objects/edge/5.png Graphic file (type png)

<use ./Figures/objects/edge/5.png>
<./Figures/objects/horse2/5.png, id=46, 33.12375pt x 33.12375pt>
File: ./Figures/objects/horse2/5.png Graphic file (type png)

<use ./Figures/objects/horse2/5.png>
Overfull \hbox (8.63448pt too wide) in paragraph at lines 184--185
 [][] 
 []


Overfull \hbox (6.627pt too wide) in paragraph at lines 184--185
 [] 
 []

[4 <./Figures/toy_shrink.png (PNG copy)> <./Figures/toy_sat_linear_noreg.png (P
NG copy)> <./Figures/toy_sat_linear_reg.png (PNG copy)>] [5 <./Figures/strokes_
full.png (PNG copy)> <./Figures/MNIST_sat_linear_full.png (PNG copy)> <./Figure
s/gabors_full.png (PNG copy)> <./Figures/patches_sat_linear_full.png> <./Figure
s/CIFAR_shrink01.png (PNG copy)> <./Figures/CIFAR_shrink05.png (PNG copy)> <./F
igures/CIFAR_sat_linear300_1.png (PNG copy)> <./Figures/CIFAR_sat_linear300_6.p
ng (PNG copy)>] [6 <./Figures/objects/edge/1.png (PNG copy)> <./Figures/objects
/horse2/1.png (PNG copy)> <./Figures/objects/edge/2.png (PNG copy)> <./Figures/
objects/horse2/2.png (PNG copy)> <./Figures/objects/edge/3.png (PNG copy)> <./F
igures/objects/horse2/3.png (PNG copy)> <./Figures/objects/edge/4.png (PNG copy
)> <./Figures/objects/horse2/4.png (PNG copy)> <./Figures/objects/edge/5.png (P
NG copy)> <./Figures/objects/horse2/5.png (PNG copy)>]

LaTeX Warning: Citation `??' on page 7 undefined on input line 208.

<./Figures/diff_cc.png, id=57, 476.13176pt x 357.09882pt>
File: ./Figures/diff_cc.png Graphic file (type png)

<use ./Figures/diff_cc.png> [7] [8 <./Figures/diff_cc.png (PNG copy)>] [9]
(./SATAE_ICLR.aux)

LaTeX Warning: There were undefined references.

 ) 
Here is how much of TeX's memory you used:
 3542 strings out of 495061
 50905 string characters out of 1182621
 110722 words of memory out of 3000000
 6647 multiletter control sequences out of 15000+50000
 21267 words of font info for 53 fonts, out of 3000000 for 9000
 28 hyphenation exceptions out of 8191
 36i,10n,38p,2116b,412s stack positions out of 5000i,500n,10000p,200000b,50000s
{/usr/share/texmf-texlive/fonts/enc/dvips/base/8r.enc}</usr/share/texmf-texli
ve/fonts/type1/public/amsfonts/cm/cmex10.pfb></usr/share/texmf-texlive/fonts/ty
pe1/public/amsfonts/cm/cmmi10.pfb></usr/share/texmf-texlive/fonts/type1/public/
amsfonts/cm/cmmi5.pfb></usr/share/texmf-texlive/fonts/type1/public/amsfonts/cm/
cmmi7.pfb></usr/share/texmf-texlive/fonts/type1/public/amsfonts/cm/cmr10.pfb></
usr/share/texmf-texlive/fonts/type1/public/amsfonts/cm/cmr7.pfb></usr/share/tex
mf-texlive/fonts/type1/public/amsfonts/cm/cmsy10.pfb></usr/share/texmf-texlive/
fonts/type1/public/amsfonts/cm/cmsy6.pfb></usr/share/texmf-texlive/fonts/type1/
public/amsfonts/cm/cmsy7.pfb></usr/share/texmf-texlive/fonts/type1/public/amsfo
nts/symbols/msbm10.pfb></usr/share/texmf-texlive/fonts/type1/urw/courier/ucrr8a
.pfb></usr/share/texmf-texlive/fonts/type1/urw/times/utmb8a.pfb></usr/share/tex
mf-texlive/fonts/type1/urw/times/utmr8a.pfb></usr/share/texmf-texlive/fonts/typ
e1/urw/times/utmri8a.pfb>
Output written on SATAE_ICLR.pdf (9 pages, 969466 bytes).
PDF statistics:
 114 PDF objects out of 1000 (max. 8388607)
 0 named destinations out of 1000 (max. 500000)
 116 words of extra memory for PDF output out of 10000 (max. 10000000)

