This is pdfTeX, Version 3.1415926-1.40.10 (TeX Live 2009/Debian) (format=pdflatex 2012.10.8)  16 FEB 2014 18:19
entering extended mode
 %&-line parsing enabled.
**report.tex
(./report.tex
LaTeX2e <2009/09/24>
Babel <v3.8l> and hyphenation patterns for english, usenglishmax, dumylang, noh
yphenation, loaded.
(/usr/share/texmf-texlive/tex/latex/base/report.cls
Document Class: report 2007/10/19 v1.4h Standard LaTeX document class
(/usr/share/texmf-texlive/tex/latex/base/size12.clo
File: size12.clo 2007/10/19 v1.4h Standard LaTeX file (size option)
)
\c@part=\count79
\c@chapter=\count80
\c@section=\count81
\c@subsection=\count82
\c@subsubsection=\count83
\c@paragraph=\count84
\c@subparagraph=\count85
\c@figure=\count86
\c@table=\count87
\abovecaptionskip=\skip41
\belowcaptionskip=\skip42
\bibindent=\dimen102
)
(/usr/share/texmf-texlive/tex/latex/base/inputenc.sty
Package: inputenc 2008/03/30 v1.1d Input encoding file
\inpenc@prehook=\toks14
\inpenc@posthook=\toks15

(/usr/share/texmf-texlive/tex/latex/base/latin1.def
File: latin1.def 2008/03/30 v1.1d Input encoding file
))
(/usr/share/texmf-texlive/tex/latex/amsmath/amsmath.sty
Package: amsmath 2000/07/18 v2.13 AMS math features
\@mathmargin=\skip43

For additional information on amsmath, use the `?' option.
(/usr/share/texmf-texlive/tex/latex/amsmath/amstext.sty
Package: amstext 2000/06/29 v2.01

(/usr/share/texmf-texlive/tex/latex/amsmath/amsgen.sty
File: amsgen.sty 1999/11/30 v2.0
\@emptytoks=\toks16
\ex@=\dimen103
))
(/usr/share/texmf-texlive/tex/latex/amsmath/amsbsy.sty
Package: amsbsy 1999/11/29 v1.2d
\pmbraise@=\dimen104
)
(/usr/share/texmf-texlive/tex/latex/amsmath/amsopn.sty
Package: amsopn 1999/12/14 v2.01 operator names
)
\inf@bad=\count88
LaTeX Info: Redefining \frac on input line 211.
\uproot@=\count89
\leftroot@=\count90
LaTeX Info: Redefining \overline on input line 307.
\classnum@=\count91
\DOTSCASE@=\count92
LaTeX Info: Redefining \ldots on input line 379.
LaTeX Info: Redefining \dots on input line 382.
LaTeX Info: Redefining \cdots on input line 467.
\Mathstrutbox@=\box26
\strutbox@=\box27
\big@size=\dimen105
LaTeX Font Info:    Redeclaring font encoding OML on input line 567.
LaTeX Font Info:    Redeclaring font encoding OMS on input line 568.
\macc@depth=\count93
\c@MaxMatrixCols=\count94
\dotsspace@=\muskip10
\c@parentequation=\count95
\dspbrk@lvl=\count96
\tag@help=\toks17
\row@=\count97
\column@=\count98
\maxfields@=\count99
\andhelp@=\toks18
\eqnshift@=\dimen106
\alignsep@=\dimen107
\tagshift@=\dimen108
\tagwidth@=\dimen109
\totwidth@=\dimen110
\lineht@=\dimen111
\@envbody=\toks19
\multlinegap=\skip44
\multlinetaggap=\skip45
\mathdisplay@stack=\toks20
LaTeX Info: Redefining \[ on input line 2666.
LaTeX Info: Redefining \] on input line 2667.
)
(/usr/share/texmf-texlive/tex/latex/amsfonts/amsfonts.sty
Package: amsfonts 2009/06/22 v3.00 Basic AMSFonts support
\symAMSa=\mathgroup4
\symAMSb=\mathgroup5
LaTeX Font Info:    Overwriting math alphabet `\mathfrak' in version `bold'
(Font)                  U/euf/m/n --> U/euf/b/n on input line 96.
)
(/usr/share/texmf-texlive/tex/latex/subfigure/subfigure.sty
Package: subfigure 2002/03/15 v2.1.5 subfigure package
\subfigtopskip=\skip46
\subfigcapskip=\skip47
\subfigcaptopadj=\dimen112
\subfigbottomskip=\skip48
\subfigcapmargin=\dimen113
\subfiglabelskip=\skip49
\c@subfigure=\count100
\c@lofdepth=\count101
\c@subtable=\count102
\c@lotdepth=\count103

****************************************
* Local config file subfigure.cfg used *
****************************************
(/usr/share/texmf-texlive/tex/latex/subfigure/subfigure.cfg)
\subfig@top=\skip50
\subfig@bottom=\skip51
)
(/usr/share/texmf-texlive/tex/latex/amsfonts/amssymb.sty
Package: amssymb 2009/06/22 v3.00
)
(/usr/share/texmf-texlive/tex/latex/graphics/graphicx.sty
Package: graphicx 1999/02/16 v1.0f Enhanced LaTeX Graphics (DPC,SPQR)

(/usr/share/texmf-texlive/tex/latex/graphics/keyval.sty
Package: keyval 1999/03/16 v1.13 key=value parser (DPC)
\KV@toks@=\toks21
)
(/usr/share/texmf-texlive/tex/latex/graphics/graphics.sty
Package: graphics 2009/02/05 v1.0o Standard LaTeX Graphics (DPC,SPQR)

(/usr/share/texmf-texlive/tex/latex/graphics/trig.sty
Package: trig 1999/03/16 v1.09 sin cos tan (DPC)
)
(/etc/texmf/tex/latex/config/graphics.cfg
File: graphics.cfg 2009/08/28 v1.8 graphics configuration of TeX Live
)
Package graphics Info: Driver file: pdftex.def on input line 91.

(/usr/share/texmf-texlive/tex/latex/pdftex-def/pdftex.def
File: pdftex.def 2009/08/25 v0.04m Graphics/color for pdfTeX
\Gread@gobject=\count104
))
\Gin@req@height=\dimen114
\Gin@req@width=\dimen115
) (./report.aux)
\openout1 = `report.aux'.

LaTeX Font Info:    Checking defaults for OML/cmm/m/it on input line 8.
LaTeX Font Info:    ... okay on input line 8.
LaTeX Font Info:    Checking defaults for T1/cmr/m/n on input line 8.
LaTeX Font Info:    ... okay on input line 8.
LaTeX Font Info:    Checking defaults for OT1/cmr/m/n on input line 8.
LaTeX Font Info:    ... okay on input line 8.
LaTeX Font Info:    Checking defaults for OMS/cmsy/m/n on input line 8.
LaTeX Font Info:    ... okay on input line 8.
LaTeX Font Info:    Checking defaults for OMX/cmex/m/n on input line 8.
LaTeX Font Info:    ... okay on input line 8.
LaTeX Font Info:    Checking defaults for U/cmr/m/n on input line 8.
LaTeX Font Info:    ... okay on input line 8.

(/usr/share/texmf-texlive/tex/context/base/supp-pdf.mkii
[Loading MPS to PDF converter (version 2006.09.02).]
\scratchcounter=\count105
\scratchdimen=\dimen116
\scratchbox=\box28
\nofMPsegments=\count106
\nofMParguments=\count107
\everyMPshowfont=\toks22
\MPscratchCnt=\count108
\MPscratchDim=\dimen117
\MPnumerator=\count109
\everyMPtoPDFconversion=\toks23
)
Underfull \hbox (badness 10000) in paragraph at lines 10--12

 []


Underfull \hbox (badness 10000) in paragraph at lines 13--15

 []

LaTeX Font Info:    Try loading font information for U+msa on input line 16.
(/usr/share/texmf-texlive/tex/latex/amsfonts/umsa.fd
File: umsa.fd 2009/06/22 v3.00 AMS symbols A
)
LaTeX Font Info:    Try loading font information for U+msb on input line 16.

(/usr/share/texmf-texlive/tex/latex/amsfonts/umsb.fd
File: umsb.fd 2009/06/22 v3.00 AMS symbols B
)
Underfull \hbox (badness 10000) in paragraph at lines 16--20

 []


Overfull \hbox (44.78503pt too wide) in paragraph at lines 21--22
\OT1/cmr/m/n/12 con-nected clas-si-fier net-work: Linear$\OMS/cmsy/m/n/12 !$\OT
1/cmr/m/n/12 Threshold$\OMS/cmsy/m/n/12 !$\OT1/cmr/m/n/12 L2-Pooling$\OMS/cmsy/
m/n/12 !$\OT1/cmr/m/n/12 Linear$\OMS/cmsy/m/n/12 !$\OT1/cmr/m/n/12 LogSoftMax. 

 []


Underfull \hbox (badness 10000) in paragraph at lines 21--22

 []


Underfull \hbox (badness 10000) in paragraph at lines 23--24

 []


Underfull \hbox (badness 10000) in paragraph at lines 25--27

 []

[1

{/var/lib/texmf/fonts/map/pdftex/updmap/pdftex.map}]
<class_graph.png, id=8, 449.68pt x 336.457pt>
File: class_graph.png Graphic file (type png)
 <use class_graph.png>
<./decoder_images/gsc_05.png, id=9, 529.98pt x 1059.96pt>
File: ./decoder_images/gsc_05.png Graphic file (type png)

<use ./decoder_images/gsc_05.png>
<./decoder_images/gsc_10.png, id=10, 529.98pt x 1059.96pt>
File: ./decoder_images/gsc_10.png Graphic file (type png)

<use ./decoder_images/gsc_10.png>
<./decoder_images/gsc_15.png, id=11, 529.98pt x 1059.96pt>
File: ./decoder_images/gsc_15.png Graphic file (type png)

<use ./decoder_images/gsc_15.png>
<./decoder_images/gsc_20.png, id=12, 529.98pt x 1059.96pt>
File: ./decoder_images/gsc_20.png Graphic file (type png)

<use ./decoder_images/gsc_20.png>
<./decoder_images/gsc_25.png, id=13, 529.98pt x 1059.96pt>
File: ./decoder_images/gsc_25.png Graphic file (type png)

<use ./decoder_images/gsc_25.png>
<./decoder_images/gsc_30.png, id=14, 529.98pt x 1059.96pt>
File: ./decoder_images/gsc_30.png Graphic file (type png)

<use ./decoder_images/gsc_30.png>

LaTeX Warning: Float too large for page by 25.05426pt on input line 95.

[2 <./class_graph.png (PNG copy)>] [3 <./decoder_images/gsc_05.png (PNG copy)> 
<./decoder_images/gsc_10.png (PNG copy)> <./decoder_images/gsc_15.png (PNG copy
)> <./decoder_images/gsc_20.png (PNG copy)> <./decoder_images/gsc_25.png (PNG c
opy)> <./decoder_images/gsc_30.png (PNG copy)>]
<./decoder_images/sf_model1.png, id=22, 529.98pt x 1059.96pt>
File: ./decoder_images/sf_model1.png Graphic file (type png)

<use ./decoder_images/sf_model1.png>
<./decoder_images/sf_model2.png, id=23, 529.98pt x 1059.96pt>
File: ./decoder_images/sf_model2.png Graphic file (type png)

<use ./decoder_images/sf_model2.png>
<./decoder_images/sf_model3.png, id=24, 529.98pt x 1059.96pt>
File: ./decoder_images/sf_model3.png Graphic file (type png)

<use ./decoder_images/sf_model3.png>
<./decoder_images/sf_model4.png, id=25, 529.98pt x 1059.96pt>
File: ./decoder_images/sf_model4.png Graphic file (type png)

<use ./decoder_images/sf_model4.png>
<./decoder_images/sf_model5.png, id=26, 529.98pt x 1059.96pt>
File: ./decoder_images/sf_model5.png Graphic file (type png)

<use ./decoder_images/sf_model5.png>
<./decoder_images/sf_model6.png, id=27, 529.98pt x 1059.96pt>
File: ./decoder_images/sf_model6.png Graphic file (type png)

<use ./decoder_images/sf_model6.png>

LaTeX Warning: Float too large for page by 25.05426pt on input line 142.

[4 <./decoder_images/sf_model1.png (PNG copy)> <./decoder_images/sf_model2.png 
(PNG copy)> <./decoder_images/sf_model3.png (PNG copy)> <./decoder_images/sf_mo
del4.png (PNG copy)> <./decoder_images/sf_model5.png (PNG copy)> <./decoder_ima
ges/sf_model6.png (PNG copy)>] (./report.aux) ) 
Here is how much of TeX's memory you used:
 2067 strings out of 495061
 25818 string characters out of 1182621
 76473 words of memory out of 3000000
 5233 multiletter control sequences out of 15000+50000
 8939 words of font info for 34 fonts, out of 3000000 for 9000
 28 hyphenation exceptions out of 8191
 27i,6n,24p,466b,233s stack positions out of 5000i,500n,10000p,200000b,50000s
</usr/share/texmf-texlive/fonts/
type1/public/amsfonts/cm/cmbx12.pfb></usr/share/texmf-texlive/fonts/type1/publi
c/amsfonts/cm/cmr12.pfb></usr/share/texmf-texlive/fonts/type1/public/amsfonts/c
m/cmsy10.pfb></usr/share/texmf-texlive/fonts/type1/public/amsfonts/cm/cmti12.pf
b>
Output written on report.pdf (4 pages, 6426808 bytes).
PDF statistics:
 44 PDF objects out of 1000 (max. 8388607)
 0 named destinations out of 1000 (max. 500000)
 66 words of extra memory for PDF output out of 10000 (max. 10000000)

